<?xml version="1.0" encoding="UTF-8"?>
<testsuite xmlns:xsi="http://www.w3.org/2001/XMLSchema-instance" xsi:noNamespaceSchemaLocation="https://maven.apache.org/surefire/maven-surefire-plugin/xsd/surefire-test-report.xsd" version="3.0.2" name="commandInterpreter.CommandInterpreterTest" time="0.162" tests="11" errors="0" skipped="0" failures="0">
  <properties>
[...]
</properties>
  <testcase name="testDet" classname="commandInterpreter.CommandInterpreterTest" time="0.049"/>
  <testcase name="testMinus" classname="commandInterpreter.CommandInterpreterTest" time="0.02"/>
  <testcase name="testSolve" classname="commandInterpreter.CommandInterpreterTest" time="0.022"/>
  <testcase name="testBasicVariable" classname="commandInterpreter.CommandInterpreterTest" time="0.002"/>
  <testcase name="testMultiplication" classname="commandInterpreter.CommandInterpreterTest" time="0.002"/>
  <testcase name="testAddition" classname="commandInterpreter.CommandInterpreterTest" time="0.0"/>
  <testcase name="testMultipleVariables" classname="commandInterpreter.CommandInterpreterTest" time="0.002"/>
  <testcase name="testDivision" classname="commandInterpreter.CommandInterpreterTest" time="0.004"/>
  <testcase name="testSolveWithVariableNoSolution" classname="commandInterpreter.CommandInterpreterTest" time="0.002"/>
  <testcase name="testAdditionWithVariable" classname="commandInterpreter.CommandInterpreterTest" time="0.003"/>
  <testcase name="testWrongDeterminantArguments" classname="commandInterpreter.CommandInterpreterTest" time="0.005"/>
</testsuite>